23-09-2025 13:29:32.573 [INFO]  
23-09-2025 13:29:32.583 [INFO] ******************************  New run for RestAssured + TestNG framework has been initialized  *************************
23-09-2025 13:29:32.627 [INFO] +++++++++++++++ class 🟡api.tests.BoardApiTest🟡 started +++++++++++++++
23-09-2025 13:29:32.646 [INFO] Test name: api.tests.BoardApiTest.testCreateABoardWithDefaultOptions
23-09-2025 13:29:33.377 [INFO] Request credentials:
23-09-2025 13:29:33.391 [INFO] URL - https://api.trello.com/1/boards/?key=bd0b1a3f1864d01276c6110f1ab6ae7e&token=ATTA259f5ec7d4e3b59aa6936958b0bf6f7f856c5635fc98cf86b6df4684c6bd17d342CB373D&name=Name%20for%20a%20board
23-09-2025 13:29:33.392 [INFO] HTTP method - POST
23-09-2025 13:29:33.392 [INFO] Request ContentType - application/json
23-09-2025 13:29:35.297 [INFO] Response credentials:
23-09-2025 13:29:35.298 [INFO] status code 200
23-09-2025 13:29:35.299 [INFO] END OF REQUEST
23-09-2025 13:29:35.299 [INFO] 
23-09-2025 13:29:36.338 [INFO] Passed successfully ✅ 
23-09-2025 13:29:36.339 [INFO] ++++++++++++++++++++++++++++++++++++++++++++++++++++++++++++++++++++++++++
23-09-2025 13:29:36.345 [INFO] Test name: api.tests.BoardApiTest.testCreateABoardWithPublicAccess
23-09-2025 13:29:36.357 [INFO] Request credentials:
23-09-2025 13:29:36.358 [INFO] URL - https://api.trello.com/1/boards/?key=bd0b1a3f1864d01276c6110f1ab6ae7e&token=ATTA259f5ec7d4e3b59aa6936958b0bf6f7f856c5635fc98cf86b6df4684c6bd17d342CB373D&name=Board_specific_options&prefs_permissionLevel=public
23-09-2025 13:29:36.359 [INFO] HTTP method - POST
23-09-2025 13:29:36.359 [INFO] Request ContentType - application/json
23-09-2025 13:29:36.896 [INFO] Response credentials:
23-09-2025 13:29:36.897 [INFO] status code 200
23-09-2025 13:29:36.897 [INFO] END OF REQUEST
23-09-2025 13:29:36.898 [INFO] 
23-09-2025 13:29:36.989 [INFO] Request credentials:
23-09-2025 13:29:36.990 [INFO] URL - https://api.trello.com/1/boards/68d27691ab76571fb1e60149?key=bd0b1a3f1864d01276c6110f1ab6ae7e&token=ATTA259f5ec7d4e3b59aa6936958b0bf6f7f856c5635fc98cf86b6df4684c6bd17d342CB373D
23-09-2025 13:29:36.990 [INFO] HTTP method - DELETE
23-09-2025 13:29:36.990 [INFO] Request ContentType - application/json
23-09-2025 13:29:37.757 [INFO] Response credentials:
23-09-2025 13:29:37.758 [INFO] status code 200
23-09-2025 13:29:37.759 [INFO] END OF REQUEST
23-09-2025 13:29:37.760 [INFO] 
23-09-2025 13:29:37.769 [INFO] Passed successfully ✅ 
23-09-2025 13:29:37.770 [INFO] ++++++++++++++++++++++++++++++++++++++++++++++++++++++++++++++++++++++++++
23-09-2025 13:29:37.772 [INFO] Test name: api.tests.BoardApiTest.testGetBoard
23-09-2025 13:29:37.787 [INFO] Request credentials:
23-09-2025 13:29:37.788 [INFO] URL - https://api.trello.com/1/boards/68d2768f3516c235a9142553?key=bd0b1a3f1864d01276c6110f1ab6ae7e&token=ATTA259f5ec7d4e3b59aa6936958b0bf6f7f856c5635fc98cf86b6df4684c6bd17d342CB373D
23-09-2025 13:29:37.788 [INFO] HTTP method - GET
23-09-2025 13:29:37.789 [INFO] Request ContentType - application/json
23-09-2025 13:29:38.069 [INFO] Response credentials:
23-09-2025 13:29:38.069 [INFO] status code 200
23-09-2025 13:29:38.070 [INFO] END OF REQUEST
23-09-2025 13:29:38.070 [INFO] 
23-09-2025 13:29:38.101 [INFO] Passed successfully ✅ 
23-09-2025 13:29:38.102 [INFO] ++++++++++++++++++++++++++++++++++++++++++++++++++++++++++++++++++++++++++
23-09-2025 13:29:38.105 [INFO] Test name: api.tests.BoardApiTest.testCreateAListOnABoard
23-09-2025 13:29:38.112 [INFO] Request credentials:
23-09-2025 13:29:38.112 [INFO] URL - https://api.trello.com/1/boards/68d2768f3516c235a9142553/lists/?key=bd0b1a3f1864d01276c6110f1ab6ae7e&token=ATTA259f5ec7d4e3b59aa6936958b0bf6f7f856c5635fc98cf86b6df4684c6bd17d342CB373D&name=List%20test%20API
23-09-2025 13:29:38.113 [INFO] HTTP method - POST
23-09-2025 13:29:38.113 [INFO] Request ContentType - application/json
23-09-2025 13:29:38.446 [INFO] Response credentials:
23-09-2025 13:29:38.447 [INFO] status code 200
23-09-2025 13:29:38.447 [INFO] END OF REQUEST
23-09-2025 13:29:38.448 [INFO] 
23-09-2025 13:29:38.489 [INFO] Passed successfully ✅ 
23-09-2025 13:29:38.489 [INFO] ++++++++++++++++++++++++++++++++++++++++++++++++++++++++++++++++++++++++++
23-09-2025 13:29:38.493 [INFO] Test name: api.tests.BoardApiTest.testCreateALabelOnABoard
23-09-2025 13:29:38.502 [INFO] Request credentials:
23-09-2025 13:29:38.503 [INFO] URL - https://api.trello.com/1/boards/68d2768f3516c235a9142553/labels/?key=bd0b1a3f1864d01276c6110f1ab6ae7e&token=ATTA259f5ec7d4e3b59aa6936958b0bf6f7f856c5635fc98cf86b6df4684c6bd17d342CB373D&name=Api_Label&color=red
23-09-2025 13:29:38.503 [INFO] HTTP method - POST
23-09-2025 13:29:38.504 [INFO] Request ContentType - application/json
23-09-2025 13:29:38.838 [INFO] Response credentials:
23-09-2025 13:29:38.838 [INFO] status code 200
23-09-2025 13:29:38.838 [INFO] END OF REQUEST
23-09-2025 13:29:38.838 [INFO] 
23-09-2025 13:29:38.879 [INFO] Passed successfully ✅ 
23-09-2025 13:29:38.879 [INFO] ++++++++++++++++++++++++++++++++++++++++++++++++++++++++++++++++++++++++++
23-09-2025 13:29:38.881 [INFO] Test name: api.tests.BoardApiTest.testGetLabelsOnABoard
23-09-2025 13:29:38.894 [INFO] Request credentials:
23-09-2025 13:29:38.895 [INFO] URL - https://api.trello.com/1/boards/68d2768f3516c235a9142553/labels/?key=bd0b1a3f1864d01276c6110f1ab6ae7e&token=ATTA259f5ec7d4e3b59aa6936958b0bf6f7f856c5635fc98cf86b6df4684c6bd17d342CB373D
23-09-2025 13:29:38.895 [INFO] HTTP method - GET
23-09-2025 13:29:38.895 [INFO] Request ContentType - application/json
23-09-2025 13:29:39.156 [INFO] Response credentials:
23-09-2025 13:29:39.156 [INFO] status code 200
23-09-2025 13:29:39.156 [INFO] END OF REQUEST
23-09-2025 13:29:39.156 [INFO] 
23-09-2025 13:29:39.160 [INFO] Passed successfully ✅ 
23-09-2025 13:29:39.160 [INFO] ++++++++++++++++++++++++++++++++++++++++++++++++++++++++++++++++++++++++++
23-09-2025 13:29:39.162 [INFO] Test name: api.tests.BoardApiTest.testGetAFieldOnABord
23-09-2025 13:29:39.172 [INFO] Request credentials:
23-09-2025 13:29:39.172 [INFO] URL - https://api.trello.com/1/boards/68d2768f3516c235a9142553/name?key=bd0b1a3f1864d01276c6110f1ab6ae7e&token=ATTA259f5ec7d4e3b59aa6936958b0bf6f7f856c5635fc98cf86b6df4684c6bd17d342CB373D
23-09-2025 13:29:39.172 [INFO] HTTP method - GET
23-09-2025 13:29:39.173 [INFO] Request ContentType - application/json
23-09-2025 13:29:39.449 [INFO] Response credentials:
23-09-2025 13:29:39.449 [INFO] status code 200
23-09-2025 13:29:39.450 [INFO] END OF REQUEST
23-09-2025 13:29:39.450 [INFO] 
23-09-2025 13:29:39.479 [INFO] Passed successfully ✅ 
23-09-2025 13:29:39.479 [INFO] ++++++++++++++++++++++++++++++++++++++++++++++++++++++++++++++++++++++++++
23-09-2025 13:29:39.483 [INFO] Test name: api.tests.BoardApiTest.testGetActionsOfABoard
23-09-2025 13:29:39.492 [INFO] Request credentials:
23-09-2025 13:29:39.493 [INFO] URL - https://api.trello.com/1/boards/68d2768f3516c235a9142553/actions/?key=bd0b1a3f1864d01276c6110f1ab6ae7e&token=ATTA259f5ec7d4e3b59aa6936958b0bf6f7f856c5635fc98cf86b6df4684c6bd17d342CB373D
23-09-2025 13:29:39.493 [INFO] HTTP method - GET
23-09-2025 13:29:39.494 [INFO] Request ContentType - application/json
23-09-2025 13:29:39.777 [INFO] Response credentials:
23-09-2025 13:29:39.778 [INFO] status code 200
23-09-2025 13:29:39.778 [INFO] END OF REQUEST
23-09-2025 13:29:39.778 [INFO] 
23-09-2025 13:29:39.806 [INFO] Passed successfully ✅ 
23-09-2025 13:29:39.807 [INFO] ++++++++++++++++++++++++++++++++++++++++++++++++++++++++++++++++++++++++++
23-09-2025 13:29:39.809 [INFO] Test name: api.tests.BoardApiTest.testGetChecklistsOnABoard
23-09-2025 13:29:39.816 [INFO] Request credentials:
23-09-2025 13:29:39.816 [INFO] URL - https://api.trello.com/1/boards/68d2768f3516c235a9142553/checklists/?key=bd0b1a3f1864d01276c6110f1ab6ae7e&token=ATTA259f5ec7d4e3b59aa6936958b0bf6f7f856c5635fc98cf86b6df4684c6bd17d342CB373D
23-09-2025 13:29:39.816 [INFO] HTTP method - GET
23-09-2025 13:29:39.817 [INFO] Request ContentType - application/json
23-09-2025 13:29:40.102 [INFO] Response credentials:
23-09-2025 13:29:40.103 [INFO] status code 200
23-09-2025 13:29:40.103 [INFO] END OF REQUEST
23-09-2025 13:29:40.103 [INFO] 
23-09-2025 13:29:40.105 [INFO] Passed successfully ✅ 
23-09-2025 13:29:40.105 [INFO] ++++++++++++++++++++++++++++++++++++++++++++++++++++++++++++++++++++++++++
23-09-2025 13:29:40.107 [INFO] Test name: api.tests.BoardApiTest.testGetCardsOnABoard
23-09-2025 13:29:40.115 [INFO] Request credentials:
23-09-2025 13:29:40.116 [INFO] URL - https://api.trello.com/1/boards/68d2768f3516c235a9142553/cards/?key=bd0b1a3f1864d01276c6110f1ab6ae7e&token=ATTA259f5ec7d4e3b59aa6936958b0bf6f7f856c5635fc98cf86b6df4684c6bd17d342CB373D
23-09-2025 13:29:40.116 [INFO] HTTP method - GET
23-09-2025 13:29:40.116 [INFO] Request ContentType - application/json
23-09-2025 13:29:40.405 [INFO] Response credentials:
23-09-2025 13:29:40.406 [INFO] status code 200
23-09-2025 13:29:40.406 [INFO] END OF REQUEST
23-09-2025 13:29:40.406 [INFO] 
23-09-2025 13:29:40.410 [INFO] Passed successfully ✅ 
23-09-2025 13:29:40.411 [INFO] ++++++++++++++++++++++++++++++++++++++++++++++++++++++++++++++++++++++++++
23-09-2025 13:29:40.414 [INFO] Test name: api.tests.BoardApiTest.testGetFilteredCardsOnABoard
23-09-2025 13:29:40.437 [INFO] Request credentials:
23-09-2025 13:29:40.437 [INFO] URL - https://api.trello.com/1/boards/68d2768f3516c235a9142553/cards/all?key=bd0b1a3f1864d01276c6110f1ab6ae7e&token=ATTA259f5ec7d4e3b59aa6936958b0bf6f7f856c5635fc98cf86b6df4684c6bd17d342CB373D
23-09-2025 13:29:40.438 [INFO] HTTP method - GET
23-09-2025 13:29:40.438 [INFO] Request ContentType - application/json
23-09-2025 13:29:40.710 [INFO] Response credentials:
23-09-2025 13:29:40.712 [INFO] status code 200
23-09-2025 13:29:40.713 [INFO] END OF REQUEST
23-09-2025 13:29:40.714 [INFO] 
23-09-2025 13:29:40.723 [INFO] Passed successfully ✅ 
23-09-2025 13:29:40.724 [INFO] ++++++++++++++++++++++++++++++++++++++++++++++++++++++++++++++++++++++++++
23-09-2025 13:29:40.731 [INFO] Test name: api.tests.BoardApiTest.testGetCustomFieldsForBoard
23-09-2025 13:29:40.741 [INFO] Request credentials:
23-09-2025 13:29:40.743 [INFO] URL - https://api.trello.com/1/boards/68d2768f3516c235a9142553/customFields?key=bd0b1a3f1864d01276c6110f1ab6ae7e&token=ATTA259f5ec7d4e3b59aa6936958b0bf6f7f856c5635fc98cf86b6df4684c6bd17d342CB373D
23-09-2025 13:29:40.744 [INFO] HTTP method - GET
23-09-2025 13:29:40.744 [INFO] Request ContentType - application/json
23-09-2025 13:29:41.030 [INFO] Response credentials:
23-09-2025 13:29:41.030 [INFO] status code 200
23-09-2025 13:29:41.031 [INFO] END OF REQUEST
23-09-2025 13:29:41.031 [INFO] 
23-09-2025 13:29:41.036 [INFO] Passed successfully ✅ 
23-09-2025 13:29:41.036 [INFO] ++++++++++++++++++++++++++++++++++++++++++++++++++++++++++++++++++++++++++
23-09-2025 13:29:41.040 [INFO] Test name: api.tests.BoardApiTest.testGetListsOnABoard
23-09-2025 13:29:41.053 [INFO] Request credentials:
23-09-2025 13:29:41.054 [INFO] URL - https://api.trello.com/1/boards/68d2768f3516c235a9142553/lists/?key=bd0b1a3f1864d01276c6110f1ab6ae7e&token=ATTA259f5ec7d4e3b59aa6936958b0bf6f7f856c5635fc98cf86b6df4684c6bd17d342CB373D
23-09-2025 13:29:41.056 [INFO] HTTP method - GET
23-09-2025 13:29:41.056 [INFO] Request ContentType - application/json
23-09-2025 13:29:41.350 [INFO] Response credentials:
23-09-2025 13:29:41.351 [INFO] status code 200
23-09-2025 13:29:41.351 [INFO] END OF REQUEST
23-09-2025 13:29:41.352 [INFO] 
23-09-2025 13:29:41.384 [INFO] Passed successfully ✅ 
23-09-2025 13:29:41.385 [INFO] ++++++++++++++++++++++++++++++++++++++++++++++++++++++++++++++++++++++++++
23-09-2025 13:29:41.388 [INFO] Test name: api.tests.BoardApiTest.testGetFilteredListsOnABoard
23-09-2025 13:29:41.404 [INFO] Request credentials:
23-09-2025 13:29:41.406 [INFO] URL - https://api.trello.com/1/boards/68d2768f3516c235a9142553/lists/closed?key=bd0b1a3f1864d01276c6110f1ab6ae7e&token=ATTA259f5ec7d4e3b59aa6936958b0bf6f7f856c5635fc98cf86b6df4684c6bd17d342CB373D
23-09-2025 13:29:41.406 [INFO] HTTP method - GET
23-09-2025 13:29:41.406 [INFO] Request ContentType - application/json
23-09-2025 13:29:41.679 [INFO] Response credentials:
23-09-2025 13:29:41.680 [INFO] status code 200
23-09-2025 13:29:41.680 [INFO] END OF REQUEST
23-09-2025 13:29:41.681 [INFO] 
23-09-2025 13:29:41.688 [INFO] Passed successfully ✅ 
23-09-2025 13:29:41.689 [INFO] ++++++++++++++++++++++++++++++++++++++++++++++++++++++++++++++++++++++++++
23-09-2025 13:29:41.695 [INFO] Test name: api.tests.BoardApiTest.testGetTheMembersOfABoard
23-09-2025 13:29:41.706 [INFO] Request credentials:
23-09-2025 13:29:41.707 [INFO] URL - https://api.trello.com/1/boards/68d2768f3516c235a9142553/members/?key=bd0b1a3f1864d01276c6110f1ab6ae7e&token=ATTA259f5ec7d4e3b59aa6936958b0bf6f7f856c5635fc98cf86b6df4684c6bd17d342CB373D
23-09-2025 13:29:41.707 [INFO] HTTP method - GET
23-09-2025 13:29:41.707 [INFO] Request ContentType - application/json
23-09-2025 13:29:41.975 [INFO] Response credentials:
23-09-2025 13:29:41.975 [INFO] status code 200
23-09-2025 13:29:41.975 [INFO] END OF REQUEST
23-09-2025 13:29:41.975 [INFO] 
23-09-2025 13:29:41.988 [INFO] Passed successfully ✅ 
23-09-2025 13:29:41.988 [INFO] ++++++++++++++++++++++++++++++++++++++++++++++++++++++++++++++++++++++++++
23-09-2025 13:29:41.990 [INFO] Test name: api.tests.BoardApiTest.testInviteMemberToBoardViaEmail
23-09-2025 13:29:41.998 [INFO] Request credentials:
23-09-2025 13:29:41.998 [INFO] URL - https://api.trello.com/1/boards/68d2768f3516c235a9142553/members/?email=ironman-968-privet-test%40ya.ru&allowBillableGuest=true&key=bd0b1a3f1864d01276c6110f1ab6ae7e&token=ATTA259f5ec7d4e3b59aa6936958b0bf6f7f856c5635fc98cf86b6df4684c6bd17d342CB373D
23-09-2025 13:29:41.998 [INFO] HTTP method - PUT
23-09-2025 13:29:41.998 [INFO] Request ContentType - application/json
23-09-2025 13:29:42.785 [INFO] Response credentials:
23-09-2025 13:29:42.785 [INFO] status code 200
23-09-2025 13:29:42.785 [INFO] END OF REQUEST
23-09-2025 13:29:42.785 [INFO] 
23-09-2025 13:29:42.804 [INFO] Passed successfully ✅ 
23-09-2025 13:29:42.805 [INFO] ++++++++++++++++++++++++++++++++++++++++++++++++++++++++++++++++++++++++++
23-09-2025 13:29:42.806 [INFO] Test name: api.tests.BoardApiTest.testUpdateABoard
23-09-2025 13:29:42.813 [INFO] Request credentials:
23-09-2025 13:29:42.814 [INFO] URL - https://api.trello.com/1/boards/68d2768f3516c235a9142553?name=New%20BoardApiTest&key=bd0b1a3f1864d01276c6110f1ab6ae7e&token=ATTA259f5ec7d4e3b59aa6936958b0bf6f7f856c5635fc98cf86b6df4684c6bd17d342CB373D
23-09-2025 13:29:42.814 [INFO] HTTP method - PUT
23-09-2025 13:29:42.814 [INFO] Request ContentType - application/json
23-09-2025 13:29:43.150 [INFO] Response credentials:
23-09-2025 13:29:43.150 [INFO] status code 200
23-09-2025 13:29:43.151 [INFO] END OF REQUEST
23-09-2025 13:29:43.151 [INFO] 
23-09-2025 13:29:43.191 [INFO] Passed successfully ✅ 
23-09-2025 13:29:43.191 [INFO] ++++++++++++++++++++++++++++++++++++++++++++++++++++++++++++++++++++++++++
23-09-2025 13:29:43.194 [INFO] Test name: api.tests.BoardApiTest.testGetBoardStarsOnABoard
23-09-2025 13:29:43.206 [INFO] Request credentials:
23-09-2025 13:29:43.206 [INFO] URL - https://api.trello.com/1/boards/68d2768f3516c235a9142553/boardStars?key=bd0b1a3f1864d01276c6110f1ab6ae7e&token=ATTA259f5ec7d4e3b59aa6936958b0bf6f7f856c5635fc98cf86b6df4684c6bd17d342CB373D
23-09-2025 13:29:43.207 [INFO] HTTP method - GET
23-09-2025 13:29:43.207 [INFO] Request ContentType - application/json
23-09-2025 13:29:43.545 [INFO] Response credentials:
23-09-2025 13:29:43.546 [INFO] status code 200
23-09-2025 13:29:43.546 [INFO] END OF REQUEST
23-09-2025 13:29:43.547 [INFO] 
23-09-2025 13:29:43.551 [INFO] Passed successfully ✅ 
23-09-2025 13:29:43.551 [INFO] ++++++++++++++++++++++++++++++++++++++++++++++++++++++++++++++++++++++++++
23-09-2025 13:29:43.555 [INFO] Test name: api.tests.BoardApiTest.testGetMembershipsOfABoard
23-09-2025 13:29:43.561 [INFO] Request credentials:
23-09-2025 13:29:43.562 [INFO] URL - https://api.trello.com/1/boards/68d2768f3516c235a9142553/memberships?key=bd0b1a3f1864d01276c6110f1ab6ae7e&token=ATTA259f5ec7d4e3b59aa6936958b0bf6f7f856c5635fc98cf86b6df4684c6bd17d342CB373D
23-09-2025 13:29:43.562 [INFO] HTTP method - GET
23-09-2025 13:29:43.563 [INFO] Request ContentType - application/json
23-09-2025 13:29:43.840 [INFO] Response credentials:
23-09-2025 13:29:43.841 [INFO] status code 200
23-09-2025 13:29:43.841 [INFO] END OF REQUEST
23-09-2025 13:29:43.841 [INFO] 
23-09-2025 13:29:43.846 [INFO] Passed successfully ✅ 
23-09-2025 13:29:43.847 [INFO] ++++++++++++++++++++++++++++++++++++++++++++++++++++++++++++++++++++++++++
23-09-2025 13:29:43.850 [INFO] Test name: api.tests.BoardApiTest.testRemoveMemberFromBoard
23-09-2025 13:29:43.858 [INFO] Request credentials:
23-09-2025 13:29:43.859 [INFO] URL - https://api.trello.com/1/boards/68d2768f3516c235a9142553/members/?key=bd0b1a3f1864d01276c6110f1ab6ae7e&token=ATTA259f5ec7d4e3b59aa6936958b0bf6f7f856c5635fc98cf86b6df4684c6bd17d342CB373D
23-09-2025 13:29:43.859 [INFO] HTTP method - GET
23-09-2025 13:29:43.859 [INFO] Request ContentType - application/json
23-09-2025 13:29:44.117 [INFO] Response credentials:
23-09-2025 13:29:44.117 [INFO] status code 200
23-09-2025 13:29:44.117 [INFO] END OF REQUEST
23-09-2025 13:29:44.117 [INFO] 
23-09-2025 13:29:44.130 [INFO] Request credentials:
23-09-2025 13:29:44.130 [INFO] URL - https://api.trello.com/1/boards/68d2768f3516c235a9142553/members/67e142af3eaf9fde72707e72?key=bd0b1a3f1864d01276c6110f1ab6ae7e&token=ATTA259f5ec7d4e3b59aa6936958b0bf6f7f856c5635fc98cf86b6df4684c6bd17d342CB373D
23-09-2025 13:29:44.130 [INFO] HTTP method - DELETE
23-09-2025 13:29:44.130 [INFO] Request ContentType - application/json
23-09-2025 13:29:44.610 [INFO] Response credentials:
23-09-2025 13:29:44.610 [INFO] status code 200
23-09-2025 13:29:44.611 [INFO] END OF REQUEST
23-09-2025 13:29:44.611 [INFO] 
23-09-2025 13:29:44.614 [INFO] Passed successfully ✅ 
23-09-2025 13:29:44.614 [INFO] ++++++++++++++++++++++++++++++++++++++++++++++++++++++++++++++++++++++++++
23-09-2025 13:29:44.617 [INFO] Test name: api.tests.BoardApiTest.testDeleteABoard
23-09-2025 13:29:44.624 [INFO] Request credentials:
23-09-2025 13:29:44.624 [INFO] URL - https://api.trello.com/1/boards/68d2768f3516c235a9142553?key=bd0b1a3f1864d01276c6110f1ab6ae7e&token=ATTA259f5ec7d4e3b59aa6936958b0bf6f7f856c5635fc98cf86b6df4684c6bd17d342CB373D
23-09-2025 13:29:44.625 [INFO] HTTP method - DELETE
23-09-2025 13:29:44.625 [INFO] Request ContentType - application/json
23-09-2025 13:29:45.315 [INFO] Response credentials:
23-09-2025 13:29:45.316 [INFO] status code 200
23-09-2025 13:29:45.316 [INFO] END OF REQUEST
23-09-2025 13:29:45.316 [INFO] 
23-09-2025 13:29:45.319 [INFO] Passed successfully ✅ 
23-09-2025 13:29:45.320 [INFO] ++++++++++++++++++++++++++++++++++++++++++++++++++++++++++++++++++++++++++
23-09-2025 13:29:45.327 [INFO] Request credentials:
23-09-2025 13:29:45.327 [INFO] URL - https://api.trello.com/1/boards/68d2768f3516c235a9142553?key=bd0b1a3f1864d01276c6110f1ab6ae7e&token=ATTA259f5ec7d4e3b59aa6936958b0bf6f7f856c5635fc98cf86b6df4684c6bd17d342CB373D
23-09-2025 13:29:45.327 [INFO] HTTP method - DELETE
23-09-2025 13:29:45.327 [INFO] Request ContentType - application/json
23-09-2025 13:29:45.559 [INFO] Response credentials:
23-09-2025 13:29:45.560 [ERROR] Something wrong with configuration of a request
23-09-2025 13:29:45.562 [ERROR] Body response - The requested resource was not found.
23-09-2025 13:29:45.563 [ERROR] status code 404
